This is pdfTeX, Version 3.14159265-2.6-1.40.19 (MiKTeX 2.9.6800 64-bit) (preloaded format=pdflatex 2018.9.26)  29 SEP 2018 19:07
entering extended mode
**"C:/Users/User/Dropbox/Р»Р°Р±РѕСЂР°С‚РѕСЂРЅС‹Рµ СЂР°Р±РѕС‚С‹/3 РєСѓСЂСЃ. 1 СЃ
РµРјРµСЃС‚СЂ/Р»Р°РјРїРѕРІС‹Р№ РіРµРЅРµСЂР°С‚РѕСЂ/phase.tex"

("C:/Users/User/Dropbox/Р»Р°Р±РѕСЂР°С‚РѕСЂРЅС‹Рµ СЂР°Р±РѕС‚С‹/3 РєСѓСЂСЃ. 1 СЃР
µРјРµСЃС‚СЂ/Р»Р°РјРїРѕРІС‹Р№ РіРµРЅРµСЂР°С‚РѕСЂ/phase.tex"
LaTeX2e <2018-04-01> patch level 5
(pre/themainpreumble.tex
(C:\Users\User\AppData\Roaming\MiKTeX\2.9\tex\latex\extsizes\extarticle.cls
Document Class: extarticle 1996/10/08 v1.0 Non Standard LaTeX document class
("C:\Program Files\MiKTeX 2.9\tex\latex\base\size12.clo"
File: size12.clo 2014/09/29 v1.4h Standard LaTeX file (size option)
)
("C:\Program Files\MiKTeX 2.9\tex\latex\base\exscale.sty"
Package: exscale 2014/09/29 v2.1h Standard LaTeX package exscale
LaTeX Font Info:    Redeclaring symbol font `largesymbols' on input line 57.
LaTeX Font Info:    Overwriting symbol font `largesymbols' in version `normal'
(Font)                  OMX/cmex/m/n --> OMX/cmex/m/n on input line 57.
LaTeX Font Info:    Overwriting symbol font `largesymbols' in version `bold'
(Font)                  OMX/cmex/m/n --> OMX/cmex/m/n on input line 57.
\big@size=\dimen102
)
\c@part=\count80
\c@section=\count81
\c@subsection=\count82
\c@subsubsection=\count83
\c@paragraph=\count84
\c@subparagraph=\count85
\c@figure=\count86
\c@table=\count87
\abovecaptionskip=\skip41
\belowcaptionskip=\skip42
\bibindent=\dimen103
)
(C:\Users\User\AppData\Roaming\MiKTeX\2.9\tex\latex\cmap\cmap.sty
Package: cmap 2008/03/06 v1.0h CMap support: searchable PDF
)
("C:\Program Files\MiKTeX 2.9\tex\latex\base\inputenc.sty"
Package: inputenc 2018/04/06 v1.3b Input encoding file
\inpenc@prehook=\toks14
\inpenc@posthook=\toks15

(C:\Users\User\AppData\Roaming\MiKTeX\2.9\tex\latex\ucs\utf8x.def
File: utf8x.def 2004/10/17 UCS: Input encoding UTF-8
))
(C:\Users\User\AppData\Roaming\MiKTeX\2.9\tex\latex\ucs\ucs.sty
Package: ucs 2013/05/11 v2.2 UCS: Unicode input support

(C:\Users\User\AppData\Roaming\MiKTeX\2.9\tex\latex\ucs\uni-global.def
File: uni-global.def 2013/05/13 UCS: Unicode global data
)
\uc@secondtry=\count88
\uc@combtoks=\toks16
\uc@combtoksb=\toks17
\uc@temptokena=\toks18
)
("C:\Program Files\MiKTeX 2.9\tex\latex\base\fontenc.sty"
Package: fontenc 2017/04/05 v2.0i Standard LaTeX package

("C:\Program Files\MiKTeX 2.9\tex\latex\cyrillic\t2aenc.def"
File: t2aenc.def 2005/09/27 v1.0i Cyrillic encoding definition file
)
LaTeX Font Info:    Try loading font information for T2A+cmr on input line 105.


("C:\Program Files\MiKTeX 2.9\tex\latex\cyrillic\t2acmr.fd"
File: t2acmr.fd 2001/08/11 v1.0a Computer Modern Cyrillic font definitions
)<<t2a.cmap>>)
("C:\Program Files\MiKTeX 2.9\tex\generic\babel\babel.sty"
Package: babel 2018/09/02 3.23 The Babel package

("C:\Program Files\MiKTeX 2.9\tex\generic\babel\switch.def"
File: switch.def 2018/09/02 3.23 Babel switching mechanism
)
*************************************
* Local config file bblopts.cfg used
*
(C:\Users\User\AppData\Roaming\MiKTeX\2.9\tex\latex\arabi\bblopts.cfg
File: bblopts.cfg 2005/09/08 v0.1 add Arabic and Farsi to "declared" options of
 babel
)
(C:\Users\User\AppData\Roaming\MiKTeX\2.9\tex\latex\babel-russian\russianb.ldf
Language: russian 2017/08/12 1.3j Russian support for the Babel system

("C:\Program Files\MiKTeX 2.9\tex\generic\babel\babel.def"
File: babel.def 2018/09/02 3.23 Babel common definitions
\babel@savecnt=\count89
\U@D=\dimen104

("C:\Program Files\MiKTeX 2.9\tex\generic\babel\txtbabel.def")
\bbl@dirlevel=\count90
)
Package babel Info: Making " an active character on input line 120.
Package babel Info: Default for \cyrdash is provided on input line 157.
)
("C:\Program Files\MiKTeX 2.9\tex\latex\babel-english\english.ldf"
Language: english 2017/06/06 v3.3r English support from the babel system
\l@canadian = a dialect from \language\l@american 
\l@australian = a dialect from \language\l@british 
\l@newzealand = a dialect from \language\l@british 
))
("C:\Program Files\MiKTeX 2.9\tex\latex\tools\indentfirst.sty"
Package: indentfirst 1995/11/23 v1.03 Indent first paragraph (DPC)
)
("C:\Program Files\MiKTeX 2.9\tex\latex\amsfonts\amssymb.sty"
Package: amssymb 2013/01/14 v3.01 AMS font symbols

("C:\Program Files\MiKTeX 2.9\tex\latex\amsfonts\amsfonts.sty"
Package: amsfonts 2013/01/14 v3.01 Basic AMSFonts support
\@emptytoks=\toks19
\symAMSa=\mathgroup4
\symAMSb=\mathgroup5
LaTeX Font Info:    Overwriting math alphabet `\mathfrak' in version `bold'
(Font)                  U/euf/m/n --> U/euf/b/n on input line 106.
))
("C:\Program Files\MiKTeX 2.9\tex\latex\amsmath\amsmath.sty"
Package: amsmath 2017/09/02 v2.17a AMS math features
\@mathmargin=\skip43

For additional information on amsmath, use the `?' option.
("C:\Program Files\MiKTeX 2.9\tex\latex\amsmath\amstext.sty"
Package: amstext 2000/06/29 v2.01 AMS text

("C:\Program Files\MiKTeX 2.9\tex\latex\amsmath\amsgen.sty"
File: amsgen.sty 1999/11/30 v2.0 generic functions
\@emptytoks=\toks20
\ex@=\dimen105
))
("C:\Program Files\MiKTeX 2.9\tex\latex\amsmath\amsbsy.sty"
Package: amsbsy 1999/11/29 v1.2d Bold Symbols
\pmbraise@=\dimen106
)
("C:\Program Files\MiKTeX 2.9\tex\latex\amsmath\amsopn.sty"
Package: amsopn 2016/03/08 v2.02 operator names
)
\inf@bad=\count91
LaTeX Info: Redefining \frac on input line 213.
\uproot@=\count92
\leftroot@=\count93
LaTeX Info: Redefining \overline on input line 375.
\classnum@=\count94
\DOTSCASE@=\count95
LaTeX Info: Redefining \ldots on input line 472.
LaTeX Info: Redefining \dots on input line 475.
LaTeX Info: Redefining \cdots on input line 596.
\Mathstrutbox@=\box26
\strutbox@=\box27
\big@size=\dimen107
LaTeX Font Info:    Redeclaring font encoding OML on input line 712.
LaTeX Font Info:    Redeclaring font encoding OMS on input line 713.
\macc@depth=\count96
\c@MaxMatrixCols=\count97
\dotsspace@=\muskip10
\c@parentequation=\count98
\dspbrk@lvl=\count99
\tag@help=\toks21
\row@=\count100
\column@=\count101
\maxfields@=\count102
\andhelp@=\toks22
\eqnshift@=\dimen108
\alignsep@=\dimen109
\tagshift@=\dimen110
\tagwidth@=\dimen111
\totwidth@=\dimen112
\lineht@=\dimen113
\@envbody=\toks23
\multlinegap=\skip44
\multlinetaggap=\skip45
\mathdisplay@stack=\toks24
LaTeX Info: Redefining \[ on input line 2817.
LaTeX Info: Redefining \] on input line 2818.
)
(C:\Users\User\AppData\Roaming\MiKTeX\2.9\tex\latex\wrapfig\wrapfig.sty
\wrapoverhang=\dimen114
\WF@size=\dimen115
\c@WF@wrappedlines=\count103
\WF@box=\box28
\WF@everypar=\toks25
Package: wrapfig 2003/01/31  v 3.6
)
("C:\Program Files\MiKTeX 2.9\tex\latex\graphics\graphicx.sty"
Package: graphicx 2017/06/01 v1.1a Enhanced LaTeX Graphics (DPC,SPQR)

("C:\Program Files\MiKTeX 2.9\tex\latex\graphics\keyval.sty"
Package: keyval 2014/10/28 v1.15 key=value parser (DPC)
\KV@toks@=\toks26
)
("C:\Program Files\MiKTeX 2.9\tex\latex\graphics\graphics.sty"
Package: graphics 2017/06/25 v1.2c Standard LaTeX Graphics (DPC,SPQR)

("C:\Program Files\MiKTeX 2.9\tex\latex\graphics\trig.sty"
Package: trig 2016/01/03 v1.10 sin cos tan (DPC)
)
("C:\Program Files\MiKTeX 2.9\tex\latex\graphics-cfg\graphics.cfg"
File: graphics.cfg 2016/06/04 v1.11 sample graphics configuration
)
Package graphics Info: Driver file: pdftex.def on input line 99.

("C:\Program Files\MiKTeX 2.9\tex\latex\graphics-def\pdftex.def"
File: pdftex.def 2018/01/08 v1.0l Graphics/color driver for pdftex
))
\Gin@req@height=\dimen116
\Gin@req@width=\dimen117
)
(C:\Users\User\AppData\Roaming\MiKTeX\2.9\tex\latex\caption\caption.sty
Package: caption 2018/05/01 v3.3-147 Customizing captions (AR)

(C:\Users\User\AppData\Roaming\MiKTeX\2.9\tex\latex\caption\caption3.sty
Package: caption3 2018/05/27 v1.8a caption3 kernel (AR)
Package caption3 Info: TeX engine: e-TeX on input line 64.
\captionmargin=\dimen118
\captionmargin@=\dimen119
\captionwidth=\dimen120
\caption@tempdima=\dimen121
\caption@indent=\dimen122
\caption@parindent=\dimen123
\caption@hangindent=\dimen124
)
\c@ContinuedFloat=\count104
Package caption Info: wrapfig package is loaded.
)
(C:\Users\User\AppData\Roaming\MiKTeX\2.9\tex\latex\caption\subcaption.sty
Package: subcaption 2018/05/01 v1.1-162 Sub-captions (AR)
\c@subfigure=\count105
\c@subtable=\count106
)
(C:\Users\User\AppData\Roaming\MiKTeX\2.9\tex\latex\pgf\frontendlayer\tikz.sty
(C:\Users\User\AppData\Roaming\MiKTeX\2.9\tex\latex\pgf\basiclayer\pgf.sty
(C:\Users\User\AppData\Roaming\MiKTeX\2.9\tex\latex\pgf\utilities\pgfrcs.sty
(C:\Users\User\AppData\Roaming\MiKTeX\2.9\tex\generic\pgf\utilities\pgfutil-com
mon.tex
\pgfutil@everybye=\toks27
\pgfutil@tempdima=\dimen125
\pgfutil@tempdimb=\dimen126

(C:\Users\User\AppData\Roaming\MiKTeX\2.9\tex\generic\pgf\utilities\pgfutil-com
mon-lists.tex))
(C:\Users\User\AppData\Roaming\MiKTeX\2.9\tex\generic\pgf\utilities\pgfutil-lat
ex.def
\pgfutil@abb=\box29
 (C:\Users\User\AppData\Roaming\MiKTeX\2.9\tex\latex\ms\everyshi.sty
Package: everyshi 2001/05/15 v3.00 EveryShipout Package (MS)
))
(C:\Users\User\AppData\Roaming\MiKTeX\2.9\tex\generic\pgf\utilities\pgfrcs.code
.tex
Package: pgfrcs 2015/08/07 v3.0.1a (rcs-revision 1.31)
))
Package: pgf 2015/08/07 v3.0.1a (rcs-revision 1.15)

(C:\Users\User\AppData\Roaming\MiKTeX\2.9\tex\latex\pgf\basiclayer\pgfcore.sty
(C:\Users\User\AppData\Roaming\MiKTeX\2.9\tex\latex\pgf\systemlayer\pgfsys.sty
(C:\Users\User\AppData\Roaming\MiKTeX\2.9\tex\generic\pgf\systemlayer\pgfsys.co
de.tex
Package: pgfsys 2014/07/09 v3.0.1a (rcs-revision 1.48)

(C:\Users\User\AppData\Roaming\MiKTeX\2.9\tex\generic\pgf\utilities\pgfkeys.cod
e.tex
\pgfkeys@pathtoks=\toks28
\pgfkeys@temptoks=\toks29

(C:\Users\User\AppData\Roaming\MiKTeX\2.9\tex\generic\pgf\utilities\pgfkeysfilt
ered.code.tex
\pgfkeys@tmptoks=\toks30
))
\pgf@x=\dimen127
\pgf@y=\dimen128
\pgf@xa=\dimen129
\pgf@ya=\dimen130
\pgf@xb=\dimen131
\pgf@yb=\dimen132
\pgf@xc=\dimen133
\pgf@yc=\dimen134
\w@pgf@writea=\write3
\r@pgf@reada=\read1
\c@pgf@counta=\count107
\c@pgf@countb=\count108
\c@pgf@countc=\count109
\c@pgf@countd=\count110
\t@pgf@toka=\toks31
\t@pgf@tokb=\toks32
\t@pgf@tokc=\toks33

(C:\Users\User\AppData\Roaming\MiKTeX\2.9\tex\generic\pgf\systemlayer\pgf.cfg
File: pgf.cfg 2008/05/14  (rcs-revision 1.7)
)
Driver file for pgf: pgfsys-pdftex.def

(C:\Users\User\AppData\Roaming\MiKTeX\2.9\tex\generic\pgf\systemlayer\pgfsys-pd
ftex.def
File: pgfsys-pdftex.def 2014/10/11  (rcs-revision 1.35)

(C:\Users\User\AppData\Roaming\MiKTeX\2.9\tex\generic\pgf\systemlayer\pgfsys-co
mmon-pdf.def
File: pgfsys-common-pdf.def 2013/10/10  (rcs-revision 1.13)
)))
(C:\Users\User\AppData\Roaming\MiKTeX\2.9\tex\generic\pgf\systemlayer\pgfsyssof
tpath.code.tex
File: pgfsyssoftpath.code.tex 2013/09/09  (rcs-revision 1.9)
\pgfsyssoftpath@smallbuffer@items=\count111
\pgfsyssoftpath@bigbuffer@items=\count112
)
(C:\Users\User\AppData\Roaming\MiKTeX\2.9\tex\generic\pgf\systemlayer\pgfsyspro
tocol.code.tex
File: pgfsysprotocol.code.tex 2006/10/16  (rcs-revision 1.4)
))
(C:\Users\User\AppData\Roaming\MiKTeX\2.9\tex\latex\xcolor\xcolor.sty
Package: xcolor 2016/05/11 v2.12 LaTeX color extensions (UK)

("C:\Program Files\MiKTeX 2.9\tex\latex\graphics-cfg\color.cfg"
File: color.cfg 2016/01/02 v1.6 sample color configuration
)
Package xcolor Info: Driver file: pdftex.def on input line 225.
Package xcolor Info: Model `cmy' substituted by `cmy0' on input line 1348.
Package xcolor Info: Model `hsb' substituted by `rgb' on input line 1352.
Package xcolor Info: Model `RGB' extended on input line 1364.
Package xcolor Info: Model `HTML' substituted by `rgb' on input line 1366.
Package xcolor Info: Model `Hsb' substituted by `hsb' on input line 1367.
Package xcolor Info: Model `tHsb' substituted by `hsb' on input line 1368.
Package xcolor Info: Model `HSB' substituted by `hsb' on input line 1369.
Package xcolor Info: Model `Gray' substituted by `gray' on input line 1370.
Package xcolor Info: Model `wave' substituted by `hsb' on input line 1371.
)
(C:\Users\User\AppData\Roaming\MiKTeX\2.9\tex\generic\pgf\basiclayer\pgfcore.co
de.tex
Package: pgfcore 2010/04/11 v3.0.1a (rcs-revision 1.7)

(C:\Users\User\AppData\Roaming\MiKTeX\2.9\tex\generic\pgf\math\pgfmath.code.tex

(C:\Users\User\AppData\Roaming\MiKTeX\2.9\tex\generic\pgf\math\pgfmathcalc.code
.tex
(C:\Users\User\AppData\Roaming\MiKTeX\2.9\tex\generic\pgf\math\pgfmathutil.code
.tex)
(C:\Users\User\AppData\Roaming\MiKTeX\2.9\tex\generic\pgf\math\pgfmathparser.co
de.tex
\pgfmath@dimen=\dimen135
\pgfmath@count=\count113
\pgfmath@box=\box30
\pgfmath@toks=\toks34
\pgfmath@stack@operand=\toks35
\pgfmath@stack@operation=\toks36
)
(C:\Users\User\AppData\Roaming\MiKTeX\2.9\tex\generic\pgf\math\pgfmathfunctions
.code.tex
(C:\Users\User\AppData\Roaming\MiKTeX\2.9\tex\generic\pgf\math\pgfmathfunctions
.basic.code.tex)
(C:\Users\User\AppData\Roaming\MiKTeX\2.9\tex\generic\pgf\math\pgfmathfunctions
.trigonometric.code.tex)
(C:\Users\User\AppData\Roaming\MiKTeX\2.9\tex\generic\pgf\math\pgfmathfunctions
.random.code.tex)
(C:\Users\User\AppData\Roaming\MiKTeX\2.9\tex\generic\pgf\math\pgfmathfunctions
.comparison.code.tex)
(C:\Users\User\AppData\Roaming\MiKTeX\2.9\tex\generic\pgf\math\pgfmathfunctions
.base.code.tex)
(C:\Users\User\AppData\Roaming\MiKTeX\2.9\tex\generic\pgf\math\pgfmathfunctions
.round.code.tex)
(C:\Users\User\AppData\Roaming\MiKTeX\2.9\tex\generic\pgf\math\pgfmathfunctions
.misc.code.tex)
(C:\Users\User\AppData\Roaming\MiKTeX\2.9\tex\generic\pgf\math\pgfmathfunctions
.integerarithmetics.code.tex)))
(C:\Users\User\AppData\Roaming\MiKTeX\2.9\tex\generic\pgf\math\pgfmathfloat.cod
e.tex
\c@pgfmathroundto@lastzeros=\count114
))
(C:\Users\User\AppData\Roaming\MiKTeX\2.9\tex\generic\pgf\basiclayer\pgfcorepoi
nts.code.tex
File: pgfcorepoints.code.tex 2013/10/07  (rcs-revision 1.27)
\pgf@picminx=\dimen136
\pgf@picmaxx=\dimen137
\pgf@picminy=\dimen138
\pgf@picmaxy=\dimen139
\pgf@pathminx=\dimen140
\pgf@pathmaxx=\dimen141
\pgf@pathminy=\dimen142
\pgf@pathmaxy=\dimen143
\pgf@xx=\dimen144
\pgf@xy=\dimen145
\pgf@yx=\dimen146
\pgf@yy=\dimen147
\pgf@zx=\dimen148
\pgf@zy=\dimen149
)
(C:\Users\User\AppData\Roaming\MiKTeX\2.9\tex\generic\pgf\basiclayer\pgfcorepat
hconstruct.code.tex
File: pgfcorepathconstruct.code.tex 2013/10/07  (rcs-revision 1.29)
\pgf@path@lastx=\dimen150
\pgf@path@lasty=\dimen151
)
(C:\Users\User\AppData\Roaming\MiKTeX\2.9\tex\generic\pgf\basiclayer\pgfcorepat
husage.code.tex
File: pgfcorepathusage.code.tex 2014/11/02  (rcs-revision 1.24)
\pgf@shorten@end@additional=\dimen152
\pgf@shorten@start@additional=\dimen153
)
(C:\Users\User\AppData\Roaming\MiKTeX\2.9\tex\generic\pgf\basiclayer\pgfcoresco
pes.code.tex
File: pgfcorescopes.code.tex 2015/05/08  (rcs-revision 1.46)
\pgfpic=\box31
\pgf@hbox=\box32
\pgf@layerbox@main=\box33
\pgf@picture@serial@count=\count115
)
(C:\Users\User\AppData\Roaming\MiKTeX\2.9\tex\generic\pgf\basiclayer\pgfcoregra
phicstate.code.tex
File: pgfcoregraphicstate.code.tex 2014/11/02  (rcs-revision 1.12)
\pgflinewidth=\dimen154
)
(C:\Users\User\AppData\Roaming\MiKTeX\2.9\tex\generic\pgf\basiclayer\pgfcoretra
nsformations.code.tex
File: pgfcoretransformations.code.tex 2015/08/07  (rcs-revision 1.20)
\pgf@pt@x=\dimen155
\pgf@pt@y=\dimen156
\pgf@pt@temp=\dimen157
)
(C:\Users\User\AppData\Roaming\MiKTeX\2.9\tex\generic\pgf\basiclayer\pgfcorequi
ck.code.tex
File: pgfcorequick.code.tex 2008/10/09  (rcs-revision 1.3)
)
(C:\Users\User\AppData\Roaming\MiKTeX\2.9\tex\generic\pgf\basiclayer\pgfcoreobj
ects.code.tex
File: pgfcoreobjects.code.tex 2006/10/11  (rcs-revision 1.2)
)
(C:\Users\User\AppData\Roaming\MiKTeX\2.9\tex\generic\pgf\basiclayer\pgfcorepat
hprocessing.code.tex
File: pgfcorepathprocessing.code.tex 2013/09/09  (rcs-revision 1.9)
)
(C:\Users\User\AppData\Roaming\MiKTeX\2.9\tex\generic\pgf\basiclayer\pgfcorearr
ows.code.tex
File: pgfcorearrows.code.tex 2015/05/14  (rcs-revision 1.43)
\pgfarrowsep=\dimen158
)
(C:\Users\User\AppData\Roaming\MiKTeX\2.9\tex\generic\pgf\basiclayer\pgfcoresha
de.code.tex
File: pgfcoreshade.code.tex 2013/07/15  (rcs-revision 1.15)
\pgf@max=\dimen159
\pgf@sys@shading@range@num=\count116
)
(C:\Users\User\AppData\Roaming\MiKTeX\2.9\tex\generic\pgf\basiclayer\pgfcoreima
ge.code.tex
File: pgfcoreimage.code.tex 2013/07/15  (rcs-revision 1.18)

(C:\Users\User\AppData\Roaming\MiKTeX\2.9\tex\generic\pgf\basiclayer\pgfcoreext
ernal.code.tex
File: pgfcoreexternal.code.tex 2014/07/09  (rcs-revision 1.21)
\pgfexternal@startupbox=\box34
))
(C:\Users\User\AppData\Roaming\MiKTeX\2.9\tex\generic\pgf\basiclayer\pgfcorelay
ers.code.tex
File: pgfcorelayers.code.tex 2013/07/18  (rcs-revision 1.7)
)
(C:\Users\User\AppData\Roaming\MiKTeX\2.9\tex\generic\pgf\basiclayer\pgfcoretra
nsparency.code.tex
File: pgfcoretransparency.code.tex 2013/09/30  (rcs-revision 1.5)
)
(C:\Users\User\AppData\Roaming\MiKTeX\2.9\tex\generic\pgf\basiclayer\pgfcorepat
terns.code.tex
File: pgfcorepatterns.code.tex 2013/11/07  (rcs-revision 1.5)
)))
(C:\Users\User\AppData\Roaming\MiKTeX\2.9\tex\generic\pgf\modules\pgfmoduleshap
es.code.tex
File: pgfmoduleshapes.code.tex 2014/03/21  (rcs-revision 1.35)
\pgfnodeparttextbox=\box35
)
(C:\Users\User\AppData\Roaming\MiKTeX\2.9\tex\generic\pgf\modules\pgfmoduleplot
.code.tex
File: pgfmoduleplot.code.tex 2015/08/03  (rcs-revision 1.13)
)
(C:\Users\User\AppData\Roaming\MiKTeX\2.9\tex\latex\pgf\compatibility\pgfcomp-v
ersion-0-65.sty
Package: pgfcomp-version-0-65 2007/07/03 v3.0.1a (rcs-revision 1.7)
\pgf@nodesepstart=\dimen160
\pgf@nodesepend=\dimen161
)
(C:\Users\User\AppData\Roaming\MiKTeX\2.9\tex\latex\pgf\compatibility\pgfcomp-v
ersion-1-18.sty
Package: pgfcomp-version-1-18 2007/07/23 v3.0.1a (rcs-revision 1.1)
))
(C:\Users\User\AppData\Roaming\MiKTeX\2.9\tex\latex\pgf\utilities\pgffor.sty
(C:\Users\User\AppData\Roaming\MiKTeX\2.9\tex\latex\pgf\utilities\pgfkeys.sty
(C:\Users\User\AppData\Roaming\MiKTeX\2.9\tex\generic\pgf\utilities\pgfkeys.cod
e.tex))
(C:\Users\User\AppData\Roaming\MiKTeX\2.9\tex\latex\pgf\math\pgfmath.sty
(C:\Users\User\AppData\Roaming\MiKTeX\2.9\tex\generic\pgf\math\pgfmath.code.tex
))
(C:\Users\User\AppData\Roaming\MiKTeX\2.9\tex\generic\pgf\utilities\pgffor.code
.tex
Package: pgffor 2013/12/13 v3.0.1a (rcs-revision 1.25)

(C:\Users\User\AppData\Roaming\MiKTeX\2.9\tex\generic\pgf\math\pgfmath.code.tex
)
\pgffor@iter=\dimen162
\pgffor@skip=\dimen163
\pgffor@stack=\toks37
\pgffor@toks=\toks38
))
(C:\Users\User\AppData\Roaming\MiKTeX\2.9\tex\generic\pgf\frontendlayer\tikz\ti
kz.code.tex
Package: tikz 2015/08/07 v3.0.1a (rcs-revision 1.151)

(C:\Users\User\AppData\Roaming\MiKTeX\2.9\tex\generic\pgf\libraries\pgflibraryp
lothandlers.code.tex
File: pgflibraryplothandlers.code.tex 2013/08/31 v3.0.1a (rcs-revision 1.20)
\pgf@plot@mark@count=\count117
\pgfplotmarksize=\dimen164
)
\tikz@lastx=\dimen165
\tikz@lasty=\dimen166
\tikz@lastxsaved=\dimen167
\tikz@lastysaved=\dimen168
\tikzleveldistance=\dimen169
\tikzsiblingdistance=\dimen170
\tikz@figbox=\box36
\tikz@figbox@bg=\box37
\tikz@tempbox=\box38
\tikz@tempbox@bg=\box39
\tikztreelevel=\count118
\tikznumberofchildren=\count119
\tikznumberofcurrentchild=\count120
\tikz@fig@count=\count121

(C:\Users\User\AppData\Roaming\MiKTeX\2.9\tex\generic\pgf\modules\pgfmodulematr
ix.code.tex
File: pgfmodulematrix.code.tex 2013/09/17  (rcs-revision 1.8)
\pgfmatrixcurrentrow=\count122
\pgfmatrixcurrentcolumn=\count123
\pgf@matrix@numberofcolumns=\count124
)
\tikz@expandcount=\count125

(C:\Users\User\AppData\Roaming\MiKTeX\2.9\tex\generic\pgf\frontendlayer\tikz\li
braries\tikzlibrarytopaths.code.tex
File: tikzlibrarytopaths.code.tex 2008/06/17 v3.0.1a (rcs-revision 1.2)
)))
(C:\Users\User\AppData\Roaming\MiKTeX\2.9\tex\latex\pgfplots\pgfplotstable.sty
(C:\Users\User\AppData\Roaming\MiKTeX\2.9\tex\generic\pgfplots\pgfplots.revisio
n.tex)
Package: pgfplotstable 2018/03/28 v1.16 Table typesetting and Pretty-printing (
1.16)

(C:\Users\User\AppData\Roaming\MiKTeX\2.9\tex\latex\pgfplots\pgfplots.sty
(C:\Users\User\AppData\Roaming\MiKTeX\2.9\tex\generic\pgfplots\pgfplots.revisio
n.tex)
Package: pgfplots 2018/03/28 v1.16 Data Visualization (1.16)

(C:\Users\User\AppData\Roaming\MiKTeX\2.9\tex\generic\pgfplots\pgfplots.code.te
x
(C:\Users\User\AppData\Roaming\MiKTeX\2.9\tex\generic\pgfplots\pgfplotscore.cod
e.tex
\t@pgfplots@toka=\toks39
\t@pgfplots@tokb=\toks40
\t@pgfplots@tokc=\toks41
\pgfplots@tmpa=\dimen171
\c@pgfplots@coordindex=\count126
\c@pgfplots@scanlineindex=\count127

(C:\Users\User\AppData\Roaming\MiKTeX\2.9\tex\generic\pgfplots\sys\pgfplotssysg
eneric.code.tex))
(C:\Users\User\AppData\Roaming\MiKTeX\2.9\tex\generic\pgfplots\libs\pgfplotslib
rary.code.tex)
(C:\Users\User\AppData\Roaming\MiKTeX\2.9\tex\generic\pgfplots\oldpgfcompatib\p
gfplotsoldpgfsupp_loader.code.tex
(C:\Users\User\AppData\Roaming\MiKTeX\2.9\tex\generic\pgf\libraries\pgflibraryf
pu.code.tex)
Package pgfplots: loading complementary arithmetics for your pgf version...

(C:\Users\User\AppData\Roaming\MiKTeX\2.9\tex\generic\pgfplots\oldpgfcompatib\p
gfplotsoldpgfsupp_pgflibraryfpu.code.tex)
(C:\Users\User\AppData\Roaming\MiKTeX\2.9\tex\generic\pgfplots\oldpgfcompatib\p
gfplotsoldpgfsupp_pgfmathfloat.code.tex
\c@pgfmathroundto@lastzeros=\count128
)
(C:\Users\User\AppData\Roaming\MiKTeX\2.9\tex\generic\pgfplots\oldpgfcompatib\p
gfplotsoldpgfsupp_leq.code.tex))
(C:\Users\User\AppData\Roaming\MiKTeX\2.9\tex\generic\pgfplots\util\pgfplotsuti
l.code.tex
(C:\Users\User\AppData\Roaming\MiKTeX\2.9\tex\generic\pgfplots\liststructure\pg
fplotsliststructure.code.tex)
(C:\Users\User\AppData\Roaming\MiKTeX\2.9\tex\generic\pgfplots\liststructure\pg
fplotsliststructureext.code.tex)
(C:\Users\User\AppData\Roaming\MiKTeX\2.9\tex\generic\pgfplots\liststructure\pg
fplotsarray.code.tex
\c@pgfplotsarray@tmp=\count129
)
(C:\Users\User\AppData\Roaming\MiKTeX\2.9\tex\generic\pgfplots\liststructure\pg
fplotsmatrix.code.tex)
(C:\Users\User\AppData\Roaming\MiKTeX\2.9\tex\generic\pgfplots\numtable\pgfplot
stableshared.code.tex
\c@pgfplotstable@counta=\count130
\t@pgfplotstable@a=\toks42
)
(C:\Users\User\AppData\Roaming\MiKTeX\2.9\tex\generic\pgfplots\liststructure\pg
fplotsdeque.code.tex)
(C:\Users\User\AppData\Roaming\MiKTeX\2.9\tex\generic\pgfplots\util\pgfplotsbin
ary.code.tex
(C:\Users\User\AppData\Roaming\MiKTeX\2.9\tex\generic\pgfplots\util\pgfplotsbin
ary.data.code.tex))
(C:\Users\User\AppData\Roaming\MiKTeX\2.9\tex\generic\pgfplots\util\pgfplotsuti
l.verb.code.tex)
(C:\Users\User\AppData\Roaming\MiKTeX\2.9\tex\generic\pgfplots\libs\pgflibraryp
gfplots.surfshading.code.tex
\c@pgfplotslibrarysurf@no=\count131

(C:\Users\User\AppData\Roaming\MiKTeX\2.9\tex\generic\pgfplots\sys\pgflibrarypg
fplots.surfshading.pgfsys-pdftex.def)))
(C:\Users\User\AppData\Roaming\MiKTeX\2.9\tex\generic\pgfplots\util\pgfplotscol
ormap.code.tex
(C:\Users\User\AppData\Roaming\MiKTeX\2.9\tex\generic\pgfplots\util\pgfplotscol
or.code.tex))
(C:\Users\User\AppData\Roaming\MiKTeX\2.9\tex\generic\pgfplots\pgfplotsstackedp
lots.code.tex)
(C:\Users\User\AppData\Roaming\MiKTeX\2.9\tex\generic\pgfplots\pgfplotsplothand
lers.code.tex
(C:\Users\User\AppData\Roaming\MiKTeX\2.9\tex\generic\pgfplots\pgfplotsmeshplot
handler.code.tex
(C:\Users\User\AppData\Roaming\MiKTeX\2.9\tex\generic\pgfplots\pgfplotsmeshplot
image.code.tex)))
(C:\Users\User\AppData\Roaming\MiKTeX\2.9\tex\generic\pgfplots\pgfplots.scaling
.code.tex)
(C:\Users\User\AppData\Roaming\MiKTeX\2.9\tex\generic\pgfplots\pgfplotscoordpro
cessing.code.tex)
(C:\Users\User\AppData\Roaming\MiKTeX\2.9\tex\generic\pgfplots\pgfplots.errorba
rs.code.tex)
(C:\Users\User\AppData\Roaming\MiKTeX\2.9\tex\generic\pgfplots\pgfplots.markers
.code.tex)
(C:\Users\User\AppData\Roaming\MiKTeX\2.9\tex\generic\pgfplots\pgfplotsticks.co
de.tex)
(C:\Users\User\AppData\Roaming\MiKTeX\2.9\tex\generic\pgfplots\pgfplots.paths.c
ode.tex)
(C:\Users\User\AppData\Roaming\MiKTeX\2.9\tex\generic\pgf\frontendlayer\tikz\li
braries\tikzlibrarydecorations.code.tex
(C:\Users\User\AppData\Roaming\MiKTeX\2.9\tex\generic\pgf\modules\pgfmoduledeco
rations.code.tex
\pgfdecoratedcompleteddistance=\dimen172
\pgfdecoratedremainingdistance=\dimen173
\pgfdecoratedinputsegmentcompleteddistance=\dimen174
\pgfdecoratedinputsegmentremainingdistance=\dimen175
\pgf@decorate@distancetomove=\dimen176
\pgf@decorate@repeatstate=\count132
\pgfdecorationsegmentamplitude=\dimen177
\pgfdecorationsegmentlength=\dimen178
)
\tikz@lib@dec@box=\box40
)
(C:\Users\User\AppData\Roaming\MiKTeX\2.9\tex\generic\pgf\frontendlayer\tikz\li
braries\tikzlibrarydecorations.pathmorphing.code.tex
(C:\Users\User\AppData\Roaming\MiKTeX\2.9\tex\generic\pgf\libraries\decorations
\pgflibrarydecorations.pathmorphing.code.tex))
(C:\Users\User\AppData\Roaming\MiKTeX\2.9\tex\generic\pgf\frontendlayer\tikz\li
braries\tikzlibrarydecorations.pathreplacing.code.tex
(C:\Users\User\AppData\Roaming\MiKTeX\2.9\tex\generic\pgf\libraries\decorations
\pgflibrarydecorations.pathreplacing.code.tex))
\pgfplots@numplots=\count133
\pgfplots@xmin@reg=\dimen179
\pgfplots@xmax@reg=\dimen180
\pgfplots@ymin@reg=\dimen181
\pgfplots@ymax@reg=\dimen182
\pgfplots@zmin@reg=\dimen183
\pgfplots@zmax@reg=\dimen184
)
(C:\Users\User\AppData\Roaming\MiKTeX\2.9\tex\generic\pgf\frontendlayer\tikz\li
braries\tikzlibraryplotmarks.code.tex
File: tikzlibraryplotmarks.code.tex 2008/01/09 v3.0.1a (rcs-revision 1.1)

(C:\Users\User\AppData\Roaming\MiKTeX\2.9\tex\generic\pgf\libraries\pgflibraryp
lotmarks.code.tex
File: pgflibraryplotmarks.code.tex 2015/08/03 v3.0.1a (rcs-revision 1.14)
)))
(C:\Users\User\AppData\Roaming\MiKTeX\2.9\tex\generic\pgfplots\numtable\pgfplot
stable.code.tex
(C:\Users\User\AppData\Roaming\MiKTeX\2.9\tex\generic\pgfplots\numtable\pgfplot
stable.coltype.code.tex))
("C:\Program Files\MiKTeX 2.9\tex\latex\tools\array.sty"
Package: array 2018/04/30 v2.4h Tabular extension package (FMi)
\col@sep=\dimen185
\ar@mcellbox=\box41
\extrarowheight=\dimen186
\NC@list=\toks43
\extratabsurround=\skip46
\backup@length=\skip47
\ar@cellbox=\box42
))
(C:\Users\User\AppData\Roaming\MiKTeX\2.9\tex\latex\booktabs\booktabs.sty
Package: booktabs 2005/04/14 v1.61803 publication quality tables
\heavyrulewidth=\dimen187
\lightrulewidth=\dimen188
\cmidrulewidth=\dimen189
\belowrulesep=\dimen190
\belowbottomsep=\dimen191
\aboverulesep=\dimen192
\abovetopsep=\dimen193
\cmidrulesep=\dimen194
\cmidrulekern=\dimen195
\defaultaddspace=\dimen196
\@cmidla=\count134
\@cmidlb=\count135
\@aboverulesep=\dimen197
\@belowrulesep=\dimen198
\@thisruleclass=\count136
\@lastruleclass=\count137
\@thisrulewidth=\dimen199
)
(C:\Users\User\AppData\Roaming\MiKTeX\2.9\tex\latex\colortbl\colortbl.sty
Package: colortbl 2018/05/02 v1.0c Color table columns (DPC)
\everycr=\toks44
\minrowclearance=\skip48
)
("C:\Program Files\MiKTeX 2.9\tex\latex\geometry\geometry.sty"
Package: geometry 2018/04/16 v5.8 Page Geometry

("C:\Program Files\MiKTeX 2.9\tex\generic\oberdiek\ifpdf.sty"
Package: ifpdf 2018/09/07 v3.3 Provides the ifpdf switch
)
("C:\Program Files\MiKTeX 2.9\tex\generic\oberdiek\ifvtex.sty"
Package: ifvtex 2016/05/16 v1.6 Detect VTeX and its facilities (HO)
Package ifvtex Info: VTeX not detected.
)
("C:\Program Files\MiKTeX 2.9\tex\generic\ifxetex\ifxetex.sty"
Package: ifxetex 2010/09/12 v0.6 Provides ifxetex conditional
)
\Gm@cnth=\count138
\Gm@cntv=\count139
\c@Gm@tempcnt=\count140
\Gm@bindingoffset=\dimen256
\Gm@wd@mp=\dimen257
\Gm@odd@mp=\dimen258
\Gm@even@mp=\dimen259
\Gm@layoutwidth=\dimen260
\Gm@layoutheight=\dimen261
\Gm@layouthoffset=\dimen262
\Gm@layoutvoffset=\dimen263
\Gm@dimlist=\toks45

("C:\Program Files\MiKTeX 2.9\tex\latex\geometry\geometry.cfg"))
(C:\Users\User\AppData\Roaming\MiKTeX\2.9\tex\latex\fancyhdr\fancyhdr.sty
Package: fancyhdr 2017/06/30 v3.9a Extensive control of page headers and footer
s
\f@nch@headwidth=\skip49
\f@nch@O@elh=\skip50
\f@nch@O@erh=\skip51
\f@nch@O@olh=\skip52
\f@nch@O@orh=\skip53
\f@nch@O@elf=\skip54
\f@nch@O@erf=\skip55
\f@nch@O@olf=\skip56
\f@nch@O@orf=\skip57
)
(C:\Users\User\AppData\Roaming\MiKTeX\2.9\tex\latex\setspace\setspace.sty
Package: setspace 2011/12/19 v6.7a set line spacing
)
(C:\Users\User\AppData\Roaming\MiKTeX\2.9\tex\latex\secdot\secdot.sty
Package: secdot 2000/06/20 v1.0 section numbers with dots
))
("C:\Program Files\MiKTeX 2.9\tex\latex\float\float.sty"
Package: float 2001/11/08 v1.3d Float enhancements (AL)
\c@float@type=\count141
\float@exts=\toks46
\float@box=\box43
\@float@everytoks=\toks47
\@floatcapt=\box44
)
("C:\Program Files\MiKTeX 2.9\tex\latex\hyperref\hyperref.sty"
Package: hyperref 2018/02/06 v6.86b Hypertext links for LaTeX

("C:\Program Files\MiKTeX 2.9\tex\generic\oberdiek\hobsub-hyperref.sty"
Package: hobsub-hyperref 2016/05/16 v1.14 Bundle oberdiek, subset hyperref (HO)


("C:\Program Files\MiKTeX 2.9\tex\generic\oberdiek\hobsub-generic.sty"
Package: hobsub-generic 2016/05/16 v1.14 Bundle oberdiek, subset generic (HO)
Package: hobsub 2016/05/16 v1.14 Construct package bundles (HO)
Package: infwarerr 2016/05/16 v1.4 Providing info/warning/error messages (HO)
Package: ltxcmds 2016/05/16 v1.23 LaTeX kernel commands for general use (HO)
Package: ifluatex 2016/05/16 v1.4 Provides the ifluatex switch (HO)
Package ifluatex Info: LuaTeX not detected.
Package hobsub Info: Skipping package `ifvtex' (already loaded).
Package: intcalc 2016/05/16 v1.2 Expandable calculations with integers (HO)
Package hobsub Info: Skipping package `ifpdf' (already loaded).
Package: etexcmds 2016/05/16 v1.6 Avoid name clashes with e-TeX commands (HO)
Package etexcmds Info: Could not find \expanded.
(etexcmds)             That can mean that you are not using pdfTeX 1.50 or
(etexcmds)             that some package has redefined \expanded.
(etexcmds)             In the latter case, load this package earlier.
Package: kvsetkeys 2016/05/16 v1.17 Key value parser (HO)
Package: kvdefinekeys 2016/05/16 v1.4 Define keys (HO)
Package: pdftexcmds 2018/09/10 v0.29 Utility functions of pdfTeX for LuaTeX (HO
)
Package pdftexcmds Info: LuaTeX not detected.
Package pdftexcmds Info: \pdf@primitive is available.
Package pdftexcmds Info: \pdf@ifprimitive is available.
Package pdftexcmds Info: \pdfdraftmode found.
Package: pdfescape 2016/05/16 v1.14 Implements pdfTeX's escape features (HO)
Package: bigintcalc 2016/05/16 v1.4 Expandable calculations on big integers (HO
)
Package: bitset 2016/05/16 v1.2 Handle bit-vector datatype (HO)
Package: uniquecounter 2016/05/16 v1.3 Provide unlimited unique counter (HO)
)
Package hobsub Info: Skipping package `hobsub' (already loaded).
Package: letltxmacro 2016/05/16 v1.5 Let assignment for LaTeX macros (HO)
Package: hopatch 2016/05/16 v1.3 Wrapper for package hooks (HO)
Package: xcolor-patch 2016/05/16 xcolor patch
Package: atveryend 2016/05/16 v1.9 Hooks at the very end of document (HO)
Package atveryend Info: \enddocument detected (standard20110627).
Package: atbegshi 2016/06/09 v1.18 At begin shipout hook (HO)
Package: refcount 2016/05/16 v3.5 Data extraction from label references (HO)
Package: hycolor 2016/05/16 v1.8 Color options for hyperref/bookmark (HO)
)
("C:\Program Files\MiKTeX 2.9\tex\latex\oberdiek\auxhook.sty"
Package: auxhook 2016/05/16 v1.4 Hooks for auxiliary files (HO)
)
("C:\Program Files\MiKTeX 2.9\tex\latex\oberdiek\kvoptions.sty"
Package: kvoptions 2016/05/16 v3.12 Key value format for package options (HO)
)
\@linkdim=\dimen264
\Hy@linkcounter=\count142
\Hy@pagecounter=\count143

("C:\Program Files\MiKTeX 2.9\tex\latex\hyperref\pd1enc.def"
File: pd1enc.def 2018/02/06 v6.86b Hyperref: PDFDocEncoding definition (HO)
)
\Hy@SavedSpaceFactor=\count144
Package hyperref Info: Option `unicode' set `true' on input line 3456.

("C:\Program Files\MiKTeX 2.9\tex\latex\hyperref\puenc.def"
File: puenc.def 2018/02/06 v6.86b Hyperref: PDF Unicode definition (HO)
)
("C:\Program Files\MiKTeX 2.9\tex\latex\00miktex\hyperref.cfg"
File: hyperref.cfg 2002/06/06 v1.2 hyperref configuration of TeXLive
)
Package hyperref Info: Hyper figures OFF on input line 4509.
Package hyperref Info: Link nesting OFF on input line 4514.
Package hyperref Info: Hyper index ON on input line 4517.
Package hyperref Info: Plain pages OFF on input line 4524.
Package hyperref Info: Backreferencing OFF on input line 4529.
Package hyperref Info: Implicit mode ON; LaTeX internals redefined.
Package hyperref Info: Bookmarks ON on input line 4762.
\c@Hy@tempcnt=\count145

(C:\Users\User\AppData\Roaming\MiKTeX\2.9\tex\latex\url\url.sty
\Urlmuskip=\muskip11
Package: url 2013/09/16  ver 3.4  Verb mode for urls, etc.
)
LaTeX Info: Redefining \url on input line 5115.
\XeTeXLinkMargin=\dimen265
\Fld@menulength=\count146
\Field@Width=\dimen266
\Fld@charsize=\dimen267
Package hyperref Info: Hyper figures OFF on input line 6369.
Package hyperref Info: Link nesting OFF on input line 6374.
Package hyperref Info: Hyper index ON on input line 6377.
Package hyperref Info: backreferencing OFF on input line 6384.
Package hyperref Info: Link coloring OFF on input line 6389.
Package hyperref Info: Link coloring with OCG OFF on input line 6394.
Package hyperref Info: PDF/A mode OFF on input line 6399.
LaTeX Info: Redefining \ref on input line 6439.
LaTeX Info: Redefining \pageref on input line 6443.
\Hy@abspage=\count147
\c@Item=\count148
\c@Hfootnote=\count149
)
Package hyperref Info: Driver (autodetected): hpdftex.

("C:\Program Files\MiKTeX 2.9\tex\latex\hyperref\hpdftex.def"
File: hpdftex.def 2018/02/06 v6.86b Hyperref driver for pdfTeX
\Fld@listcount=\count150
\c@bookmark@seq@number=\count151

("C:\Program Files\MiKTeX 2.9\tex\latex\oberdiek\rerunfilecheck.sty"
Package: rerunfilecheck 2016/05/16 v1.8 Rerun checks for auxiliary files (HO)
Package uniquecounter Info: New unique counter `rerunfilecheck' on input line 2
82.
)
\Hy@SectionHShift=\skip58
)
Package hyperref Info: Option `unicode' set `true' on input line 5.
Package hyperref Info: Option `colorlinks' set `true' on input line 8.

(phase.aux)
\openout1 = `phase.aux'.

LaTeX Font Info:    Checking defaults for OML/cmm/m/it on input line 9.
LaTeX Font Info:    ... okay on input line 9.
LaTeX Font Info:    Checking defaults for T1/cmr/m/n on input line 9.
LaTeX Font Info:    ... okay on input line 9.
LaTeX Font Info:    Checking defaults for OT1/cmr/m/n on input line 9.
LaTeX Font Info:    ... okay on input line 9.
LaTeX Font Info:    Checking defaults for OMS/cmsy/m/n on input line 9.
LaTeX Font Info:    ... okay on input line 9.
LaTeX Font Info:    Checking defaults for OMX/cmex/m/n on input line 9.
LaTeX Font Info:    ... okay on input line 9.
LaTeX Font Info:    Checking defaults for U/cmr/m/n on input line 9.
LaTeX Font Info:    ... okay on input line 9.
LaTeX Font Info:    Checking defaults for T2A/cmr/m/n on input line 9.
LaTeX Font Info:    ... okay on input line 9.
LaTeX Font Info:    Checking defaults for PD1/pdf/m/n on input line 9.
LaTeX Font Info:    ... okay on input line 9.
LaTeX Font Info:    Checking defaults for PU/pdf/m/n on input line 9.
LaTeX Font Info:    ... okay on input line 9.
 (C:\Users\User\AppData\Roaming\MiKTeX\2.9\tex\latex\ucs\ucsencs.def
File: ucsencs.def 2011/01/21 Fixes to fontencodings LGR, T3
) (C:\Users\User\AppData\Roaming\MiKTeX\2.9\tex\context\base\supp-pdf.mkii
[Loading MPS to PDF converter (version 2006.09.02).]
\scratchcounter=\count152
\scratchdimen=\dimen268
\scratchbox=\box45
\nofMPsegments=\count153
\nofMParguments=\count154
\everyMPshowfont=\toks48
\MPscratchCnt=\count155
\MPscratchDim=\dimen269
\MPnumerator=\count156
\makeMPintoPDFobject=\count157
\everyMPtoPDFconversion=\toks49
) ("C:\Program Files\MiKTeX 2.9\tex\latex\oberdiek\epstopdf-base.sty"
Package: epstopdf-base 2016/05/15 v2.6 Base part for package epstopdf

("C:\Program Files\MiKTeX 2.9\tex\latex\oberdiek\grfext.sty"
Package: grfext 2016/05/16 v1.2 Manage graphics extensions (HO)
)
Package epstopdf-base Info: Redefining graphics rule for `.eps' on input line 4
38.
Package grfext Info: Graphics extension search list:
(grfext)             [.pdf,.png,.jpg,.mps,.jpeg,.jbig2,.jb2,.PDF,.PNG,.JPG,.JPE
G,.JBIG2,.JB2,.eps]
(grfext)             \AppendGraphicsExtensions on input line 456.
)
Package caption Info: Begin \AtBeginDocument code.
Package caption Info: float package is loaded.
Package caption Info: hyperref package is loaded.
Package caption Info: End \AtBeginDocument code.

ABD: EveryShipout initializing macros
Package pgfplots notification 'compat/show suggested version=true': document ha
s been generated with the most recent feature set (\pgfplotsset{compat=1.16}).

*geometry* driver: auto-detecting
*geometry* detected driver: pdftex
*geometry* verbose mode - [ preamble ] result:
* driver: pdftex
* paper: a4paper
* layout: <same size as paper>
* layoutoffset:(h,v)=(0.0pt,0.0pt)
* modes: 
* h-part:(L,W,R)=(62.59596pt, 472.31595pt, 62.59596pt)
* v-part:(T,H,B)=(56.9055pt, 731.23584pt, 56.9055pt)
* \paperwidth=597.50787pt
* \paperheight=845.04684pt
* \textwidth=472.31595pt
* \textheight=731.23584pt
* \oddsidemargin=-9.67403pt
* \evensidemargin=-9.67403pt
* \topmargin=-52.36449pt
* \headheight=12.0pt
* \headsep=25.0pt
* \topskip=12.0pt
* \footskip=30.0pt
* \marginparwidth=35.0pt
* \marginparsep=10.0pt
* \columnsep=10.0pt
* \skip\footins=10.8pt plus 4.0pt minus 2.0pt
* \hoffset=0.0pt
* \voffset=0.0pt
* \mag=1000
* \@twocolumnfalse
* \@twosidefalse
* \@mparswitchfalse
* \@reversemarginfalse
* (1in=72.27pt=25.4mm, 1cm=28.453pt)

\AtBeginShipoutBox=\box46
Package hyperref Info: Link coloring ON on input line 9.
("C:\Program Files\MiKTeX 2.9\tex\latex\hyperref\nameref.sty"
Package: nameref 2016/05/21 v2.44 Cross-referencing by name of section

("C:\Program Files\MiKTeX 2.9\tex\generic\oberdiek\gettitlestring.sty"
Package: gettitlestring 2016/05/16 v1.5 Cleanup title references (HO)
)
\c@section@level=\count158
)
LaTeX Info: Redefining \ref on input line 9.
LaTeX Info: Redefining \pageref on input line 9.
LaTeX Info: Redefining \nameref on input line 9.

(phase.out) (phase.out)
\@outlinefile=\write4
\openout4 = `phase.out'.

 (pre/titlepage.tex
(C:\Users\User\AppData\Roaming\MiKTeX\2.9\tex\latex\ucs\uni-4.def
File: uni-4.def 2013/05/13 UCS: Unicode data U+0400..U+04FF
) [1

{C:/Users/User/AppData/Local/MiKTeX/2.9/pdftex/config/pdftex.map}]) (phase.toc<
<ot1.cmap>><<oml.cmap>><<oms.cmap>><<omx.cmap>>
LaTeX Font Info:    Try loading font information for U+msa on input line 3.

("C:\Program Files\MiKTeX 2.9\tex\latex\amsfonts\umsa.fd"
File: umsa.fd 2013/01/14 v3.01 AMS symbols A
)
LaTeX Font Info:    Try loading font information for U+msb on input line 3.

("C:\Program Files\MiKTeX 2.9\tex\latex\amsfonts\umsb.fd"
File: umsb.fd 2013/01/14 v3.01 AMS symbols B
))
\tf@toc=\write5
\openout5 = `phase.toc'.


Underfull \hbox (badness 10000) in paragraph at lines 32--33
[]\T2A/cmr/m/n/12 Аппаратом теоретического рассмотрения является метод Ван-дер-
Поля.
 []


Underfull \hbox (badness 10000) in paragraph at lines 32--33
\T2A/cmr/m/n/12 Полученные с его помощью результаты сравниваются с результатами

 []


Underfull \hbox (badness 1137) in paragraph at lines 37--38
\T2A/cmr/m/n/12 движения с постоянной амплитудой, определяемой свойствами систе
мы. Таким
 []


Underfull \hbox (badness 3078) in paragraph at lines 37--38
\T2A/cmr/m/n/12 периодическим движениям на фазовой плоскости соответствуют изол
ированные
 []


Package Fancyhdr Warning: \headheight is too small (12.0pt): 
 Make it at least 14.49998pt.
 We now make it that large for the rest of the document.
 This may cause the page layout to be inconsistent, however.

pdfTeX warning (ext4): destination with the same identifier (name{page.1}) has 
been already used, duplicate ignored
<to be read again> 
                   \relax 
l.43 Р‘
       СѓРґРµРј СЃС‡РёС‚Р°С‚СЊ, С‡С‚Рѕ СЃРёСЃС‚РµРјР° РѕРїРёСЃС‹РІР°РµС‚СЃСЏ...
[1]
Underfull \hbox (badness 1215) in paragraph at lines 68--70
\T2A/cmr/m/n/12 где z и $\OML/cmm/m/it/12 z[]$ \T2A/cmr/m/n/12 - произвольные п
остоянные, являющиеся комплексной и комплексно
 []

[2]
Underfull \hbox (badness 2608) in paragraph at lines 101--103
\T2A/cmr/m/n/12 адекватную уравнению [], но записанную в других переменных, наз
ываемых
 []


Underfull \hbox (badness 1087) in paragraph at lines 104--105
[]\T2A/cmr/m/n/12 Правая часть системы [] является периодической функцией явно 
входящего
 []

[3]
<photo/pics/Ris1.png, id=155, 240.9pt x 240.9pt>
File: photo/pics/Ris1.png Graphic file (type png)
<use photo/pics/Ris1.png>
Package pdftex.def Info: photo/pics/Ris1.png  used on input line 138.
(pdftex.def)             Requested size: 231.43741pt x 231.44514pt.
<photo/pics/Ris2.png, id=156, 240.9pt x 240.9pt>
File: photo/pics/Ris2.png Graphic file (type png)
<use photo/pics/Ris2.png>
Package pdftex.def Info: photo/pics/Ris2.png  used on input line 145.
(pdftex.def)             Requested size: 231.43741pt x 231.44514pt.
 [4 <./photo/pics/Ris1.png> <./photo/pics/Ris2.png>]
<photo/pics/Ris3.png, id=168, 240.9pt x 240.9pt>
File: photo/pics/Ris3.png Graphic file (type png)
<use photo/pics/Ris3.png>
Package pdftex.def Info: photo/pics/Ris3.png  used on input line 162.
(pdftex.def)             Requested size: 231.43741pt x 231.44514pt.
<photo/pics/Ris4.png, id=169, 240.9pt x 240.9pt>
File: photo/pics/Ris4.png Graphic file (type png)
<use photo/pics/Ris4.png>
Package pdftex.def Info: photo/pics/Ris4.png  used on input line 170.
(pdftex.def)             Requested size: 231.43741pt x 231.44514pt.
 [5 <./photo/pics/Ris3.png> <./photo/pics/Ris4.png>]
Underfull \hbox (badness 1320) in paragraph at lines 205--206
\T2A/cmr/m/n/12 условия возбуждения генератора и амплитуду установившихся колеб
аний; $[]\OT1/cmr/m/n/12 (\OML/cmm/m/it/12 []\OT1/cmr/m/n/12 )$
 []


Underfull \hbox (badness 1137) in paragraph at lines 205--206
\T2A/cmr/m/n/12 определяется сеточной характеристикой и влияет на поправку к ча
стоте. Для
 []


Underfull \hbox (badness 5681) in paragraph at lines 205--206
\T2A/cmr/m/n/12 отыскания установившихся (стационарных) значений амплитуды авто
колебаний
 []


Underfull \hbox (badness 2142) in paragraph at lines 225--226
[]\T2A/cmr/m/n/12 Прежде чем переходить к изучению различных режимов работы лам
пового
 []

[6]
Underfull \hbox (badness 6708) in paragraph at lines 231--232
[]\T2A/cmr/m/n/12 Вид нечетной части характеристики, а, следовательно, и возмож
ная еј
 []

<photo/pics/Ris5.png, id=193, 240.9pt x 240.9pt>
File: photo/pics/Ris5.png Graphic file (type png)
<use photo/pics/Ris5.png>
Package pdftex.def Info: photo/pics/Ris5.png  used on input line 236.
(pdftex.def)             Requested size: 188.9235pt x 188.92679pt.

Underfull \hbox (badness 1226) in paragraph at lines 233--241
\T2A/cmr/m/n/12 на рис.5. Это возможно в том случае, когда напряжение смещения 
задано в
 []


Underfull \hbox (badness 1565) in paragraph at lines 233--241
\T2A/cmr/m/n/12 будет справедлива для части кривой, обозначенной сплошной линие
й на рис.[][]5[][]:
 []


Underfull \hbox (badness 3049) in paragraph at lines 247--248
[]\T2A/cmr/m/n/12 Здесь и в дальнейшем все коэффициенты
 []


Underfull \hbox (badness 10000) in paragraph at lines 247--248
\T2A/cmr/m/n/12 аппроксимирующего полинома будем считать
 []


Underfull \hbox (badness 2469) in paragraph at lines 247--248
\T2A/cmr/m/n/12 крутизна анодно-сеточной характеристики, т.е.
 []


Underfull \hbox (badness 1152) in paragraph at lines 253--254
[]\T2A/cmr/m/n/12 В этом случае закон изменения амплитуды
 []


Underfull \hbox (badness 10000) in paragraph at lines 253--254
\T2A/cmr/m/n/12 колебаний, согласно системе [] будет
 []


Underfull \hbox (badness 10000) in paragraph at lines 266--267
[]\T2A/cmr/m/n/12 Их устойчивость определяется корнями следующего характеристич
еского
 []

[7 <./photo/pics/Ris5.png>]
<photo/pics/Ris6.png, id=210, 240.9pt x 240.9pt>
File: photo/pics/Ris6.png Graphic file (type png)
<use photo/pics/Ris6.png>
Package pdftex.def Info: photo/pics/Ris6.png  used on input line 276.
(pdftex.def)             Requested size: 141.69621pt x 141.69968pt.


Package caption Warning: The option `hypcap=true' will be ignored for this
(caption)                particular \caption on input line 277.
See the caption package documentation for explanation.

<photo/pics/Ris7a.png, id=211, 240.9pt x 240.9pt>
File: photo/pics/Ris7a.png Graphic file (type png)
<use photo/pics/Ris7a.png>
Package pdftex.def Info: photo/pics/Ris7a.png  used on input line 282.
(pdftex.def)             Requested size: 127.52573pt x 127.52567pt.

Package caption Warning: The option `hypcap=true' will be ignored for this
(caption)                particular \caption on input line 283.
See the caption package documentation for explanation.

Package hyperref Info: bookmark level for unknown subfigure defaults to 0 on in
put line 283.
<photo/pics/Ris7b.png, id=212, 240.9pt x 240.9pt>
File: photo/pics/Ris7b.png Graphic file (type png)
<use photo/pics/Ris7b.png>
Package pdftex.def Info: photo/pics/Ris7b.png  used on input line 287.
(pdftex.def)             Requested size: 127.52573pt x 127.52567pt.

Package caption Warning: The option `hypcap=true' will be ignored for this
(caption)                particular \caption on input line 288.
See the caption package documentation for explanation.


Underfull \hbox (badness 1762) in paragraph at lines 294--297
[]\T2A/cmr/m/n/12 Фазовые портреты системы при $\OML/cmm/m/it/12  < []$ \T2A/c
mr/m/n/12 и $\OML/cmm/m/it/12  > []$ \T2A/cmr/m/n/12 приведены на рис.[][]6a[]
[]
 []


Underfull \hbox (badness 2237) in paragraph at lines 294--297
\T2A/cmr/m/n/12 сколь угодно малых начальных условиях, то есть генератор облада
ет \T2A/cmr/m/it/12 мягким
 []


Underfull \hbox (badness 3058) in paragraph at lines 298--300
\T2A/cmr/m/n/12 аппроксимировать полиномом не ниже пятой степени. Такой аппрокс
имации
 []


Underfull \hbox (badness 2894) in paragraph at lines 303--305
\T2A/cmr/m/n/12 и, следовательно, уравнение, определяющее стационарные значения
 амплитуды
 []

[8 <./photo/pics/Ris6.png> <./photo/pics/Ris7a.png> <./photo/pics/Ris7b.png>]
<photo/pics/Ris8.png, id=228, 240.9pt x 240.9pt>
File: photo/pics/Ris8.png Graphic file (type png)
<use photo/pics/Ris8.png>
Package pdftex.def Info: photo/pics/Ris8.png  used on input line 314.
(pdftex.def)             Requested size: 231.43741pt x 231.44514pt.
<photo/pics/Ris9.png, id=229, 240.9pt x 240.9pt>
File: photo/pics/Ris9.png Graphic file (type png)
<use photo/pics/Ris9.png>
Package pdftex.def Info: photo/pics/Ris9.png  used on input line 319.
(pdftex.def)             Requested size: 231.43741pt x 231.44514pt.


LaTeX Warning: Command \textless invalid in math mode on input line 331.


LaTeX Warning: Command \textless invalid in math mode on input line 331.


Underfull \hbox (badness 1092) in paragraph at lines 331--333
[]\T2A/cmr/m/n/12 Бифуркационная диаграмма для этого случая приведена на рис.[]
[]8[][]. Из него
 []


Underfull \hbox (badness 2229) in paragraph at lines 331--333
\T2A/cmr/m/n/12 возбуждения генератора. Бифуркационная диаграмма, изображенная 
на рис.9
 []

<photo/pics/Ris10a.png, id=231, 240.9pt x 240.9pt>
File: photo/pics/Ris10a.png Graphic file (type png)
<use photo/pics/Ris10a.png>
Package pdftex.def Info: photo/pics/Ris10a.png  used on input line 338.
(pdftex.def)             Requested size: 151.14456pt x 151.14658pt.
<photo/pics/Ris10b.png, id=232, 240.9pt x 240.9pt>
File: photo/pics/Ris10b.png Graphic file (type png)
<use photo/pics/Ris10b.png>
Package pdftex.def Info: photo/pics/Ris10b.png  used on input line 344.
(pdftex.def)             Requested size: 151.14456pt x 151.14658pt.
<photo/pics/Ris10c.png, id=233, 240.9pt x 240.9pt>
File: photo/pics/Ris10c.png Graphic file (type png)
<use photo/pics/Ris10c.png>
Package pdftex.def Info: photo/pics/Ris10c.png  used on input line 350.
(pdftex.def)             Requested size: 151.14456pt x 151.14658pt.

Package wrapfig Warning: wrapfigure used inside a conflicting environment on in
put line 360.

<photo/pics/Ris11.png, id=235, 240.9pt x 240.9pt>
File: photo/pics/Ris11.png Graphic file (type png)
<use photo/pics/Ris11.png>
Package pdftex.def Info: photo/pics/Ris11.png  used on input line 361.
(pdftex.def)             Requested size: 188.9235pt x 188.92679pt.
[9 <./photo/pics/Ris8.png> <./photo/pics/Ris9.png> <./photo/pics/Ris10a.png> <.
/photo/pics/Ris10b.png> <./photo/pics/Ris10c.png>]

Package wrapfig Warning: Stationary wrapfigure forced to float on input line 36
4.


Underfull \hbox (badness 6477) in paragraph at lines 366--368
[][]\T2A/cmr/m/n/12 Здесь для аппроксимации анодно-сеточной
 []


Underfull \hbox (badness 1430) in paragraph at lines 374--375
[]\T2A/cmr/m/n/12 Описанная разновидность автоколебательных систем относится к 
генераторам
 []

<photo/pics/Ris12a.png, id=243, 240.9pt x 240.9pt>
File: photo/pics/Ris12a.png Graphic file (type png)
<use photo/pics/Ris12a.png>
Package pdftex.def Info: photo/pics/Ris12a.png  used on input line 379.
(pdftex.def)             Requested size: 231.43741pt x 231.44514pt.
<photo/pics/Ris12b.png, id=244, 240.9pt x 240.9pt>
File: photo/pics/Ris12b.png Graphic file (type png)
<use photo/pics/Ris12b.png>
Package pdftex.def Info: photo/pics/Ris12b.png  used on input line 385.
(pdftex.def)             Requested size: 231.43741pt x 231.44514pt.
[10 <./photo/pics/Ris11.png> <./photo/pics/Ris12a.png> <./photo/pics/Ris12b.png
>]
<photo/pics/scheme.png, id=252, 240.9pt x 240.9pt>
File: photo/pics/scheme.png Graphic file (type png)
<use photo/pics/scheme.png>
Package pdftex.def Info: photo/pics/scheme.png  used on input line 402.
(pdftex.def)             Requested size: 165.31346pt x 165.31691pt.
<plots/softdiagram.pdf, id=253, 505.89pt x 289.08pt>
File: plots/softdiagram.pdf Graphic file (type pdf)
<use plots/softdiagram.pdf>
Package pdftex.def Info: plots/softdiagram.pdf  used on input line 414.
(pdftex.def)             Requested size: 505.88875pt x 289.07928pt.

Overfull \hbox (33.5728pt too wide) in paragraph at lines 414--415
 [][] 
 []


Underfull \hbox (badness 10000) in paragraph at lines 410--419
[]\T2A/cmr/m/n/12 Сняли бифуркационную диаграмму, выражающую зависимость амплит
уды
 []

<photo/task1b(lefts).jpg, id=254, 3029.3175pt x 3028.31375pt>
File: photo/task1b(lefts).jpg Graphic file (type jpg)
<use photo/task1b(lefts).jpg>
Package pdftex.def Info: photo/task1b(lefts).jpg  used on input line 424.
(pdftex.def)             Requested size: 151.14456pt x 151.05489pt.
<photo/task1b(leftm).jpg, id=255, 2772.3575pt x 2772.3575pt>
File: photo/task1b(leftm).jpg Graphic file (type jpg)
<use photo/task1b(leftm).jpg>
Package pdftex.def Info: photo/task1b(leftm).jpg  used on input line 427.
(pdftex.def)             Requested size: 151.14456pt x 151.10529pt.
<photo/task1b(leftL).jpg, id=256, 2541.495pt x 2541.495pt>
File: photo/task1b(leftL).jpg Graphic file (type jpg)
<use photo/task1b(leftL).jpg>
Package pdftex.def Info: photo/task1b(leftL).jpg  used on input line 430.
(pdftex.def)             Requested size: 151.14456pt x 151.12581pt.
<photo/task1b(rights2).jpg, id=257, 2880.7625pt x 2879.75874pt>
File: photo/task1b(rights2).jpg Graphic file (type jpg)
<use photo/task1b(rights2).jpg>
Package pdftex.def Info: photo/task1b(rights2).jpg  used on input line 439.
(pdftex.def)             Requested size: 151.14456pt x 151.07095pt.
<photo/task1b(rights).jpg, id=258, 2681.01625pt x 2680.0125pt>
File: photo/task1b(rights).jpg Graphic file (type jpg)
<use photo/task1b(rights).jpg>
Package pdftex.def Info: photo/task1b(rights).jpg  used on input line 442.
(pdftex.def)             Requested size: 151.14456pt x 151.06113pt.
<photo/task1b(rightL).jpg, id=259, 2966.08125pt x 2966.08125pt>
File: photo/task1b(rightL).jpg Graphic file (type jpg)
<use photo/task1b(rightL).jpg>
Package pdftex.def Info: photo/task1b(rightL).jpg  used on input line 445.
(pdftex.def)             Requested size: 151.14456pt x 151.11879pt.
[11 <./photo/pics/scheme.png> <./plots/softdiagram.pdf>]
<photo/task1c1.jpg, id=279, 2807.48875pt x 2806.485pt>
File: photo/task1c1.jpg Graphic file (type jpg)
<use photo/task1c1.jpg>
Package pdftex.def Info: photo/task1c1.jpg  used on input line 456.
(pdftex.def)             Requested size: 151.14456pt x 151.08116pt.
<photo/task1c5.jpg, id=280, 2661.945pt x 2660.94125pt>
File: photo/task1c5.jpg Graphic file (type jpg)
<use photo/task1c5.jpg>
Package pdftex.def Info: photo/task1c5.jpg  used on input line 459.
(pdftex.def)             Requested size: 151.14456pt x 151.08243pt.
<photo/task1c(oscill)1.jpg, id=281, 2463.2025pt x 2462.19875pt>
File: photo/task1c(oscill)1.jpg Graphic file (type jpg)
<use photo/task1c(oscill)1.jpg>
Package pdftex.def Info: photo/task1c(oscill)1.jpg  used on input line 462.
(pdftex.def)             Requested size: 151.14456pt x 151.06929pt.


LaTeX Warning: `h' float specifier changed to `ht'.

<photo/task1d1.jpg, id=282, 2655.9225pt x 2655.9225pt>
File: photo/task1d1.jpg Graphic file (type jpg)
<use photo/task1d1.jpg>
Package pdftex.def Info: photo/task1d1.jpg  used on input line 488.
(pdftex.def)             Requested size: 151.14456pt x 151.12167pt.
[12 <./photo/task1b(lefts).jpg> <./photo/task1b(leftm).jpg> <./photo/task1b(lef
tL).jpg> <./photo/task1b(rights2).jpg> <./photo/task1b(rights).jpg> <./photo/ta
sk1b(rightL).jpg>]
<plots/harddiagram.pdf, id=291, 505.89pt x 289.08pt>
File: plots/harddiagram.pdf Graphic file (type pdf)
<use plots/harddiagram.pdf>
Package pdftex.def Info: plots/harddiagram.pdf  used on input line 500.
(pdftex.def)             Requested size: 505.88875pt x 289.07928pt.

Overfull \hbox (33.5728pt too wide) in paragraph at lines 500--501
 [][] 
 []


Underfull \hbox (badness 10000) in paragraph at lines 496--505
[]\T2A/cmr/m/n/12 Сняли бифуркационную диаграмму, выражающую зависимость амплит
уды
 []


LaTeX Warning: `h' float specifier changed to `ht'.

<photo/task2b2.jpg, id=292, 2670.97874pt x 2670.97874pt>
File: photo/task2b2.jpg Graphic file (type jpg)
<use photo/task2b2.jpg>
Package pdftex.def Info: photo/task2b2.jpg  used on input line 510.
(pdftex.def)             Requested size: 151.14456pt x 151.12251pt.
<photo/task2b1(oscill).jpg, id=293, 2645.885pt x 2646.88875pt>
File: photo/task2b1(oscill).jpg Graphic file (type jpg)
<use photo/task2b1(oscill).jpg>
Package pdftex.def Info: photo/task2b1(oscill).jpg  used on input line 513.
(pdftex.def)             Requested size: 151.14456pt x 151.1731pt.

Underfull \hbox (badness 1072) in paragraph at lines 506--518
[]\T2A/cmr/m/n/12 Неустойчивое равновесие на бифрукационной диаграмме находили 
следующим
 []


Underfull \hbox (badness 3579) in paragraph at lines 506--518
\T2A/cmr/m/n/12 образом. Включая прерыватель и, изменяя начальные условия, опре
делили
 []


Underfull \hbox (badness 4391) in paragraph at lines 506--518
\T2A/cmr/m/n/12 по поведению фазовой траектории на экране осциллографа момент п
ерехода
 []

[13 <./photo/task1c1.jpg> <./photo/task1c5.jpg> <./photo/task1c(oscill)1.jpg> <
./photo/task1d1.jpg>]
<photo/task2c(lefts).jpg, id=300, 3035.34pt x 3035.34pt>
File: photo/task2c(lefts).jpg Graphic file (type jpg)
<use photo/task2c(lefts).jpg>
Package pdftex.def Info: photo/task2c(lefts).jpg  used on input line 523.
(pdftex.def)             Requested size: 151.14456pt x 151.12747pt.
<photo/task2c(leftm).jpg, id=301, 3035.34pt x 3035.34pt>
File: photo/task2c(leftm).jpg Graphic file (type jpg)
<use photo/task2c(leftm).jpg>
Package pdftex.def Info: photo/task2c(leftm).jpg  used on input line 526.
(pdftex.def)             Requested size: 151.14456pt x 151.12747pt.
<photo/task2c(leftL).jpg, id=302, 3035.34pt x 3035.34pt>
File: photo/task2c(leftL).jpg Graphic file (type jpg)
<use photo/task2c(leftL).jpg>
Package pdftex.def Info: photo/task2c(leftL).jpg  used on input line 529.
(pdftex.def)             Requested size: 151.14456pt x 151.12747pt.
<photo/task2c(mids).jpg, id=303, 3035.34pt x 3035.34pt>
File: photo/task2c(mids).jpg Graphic file (type jpg)
<use photo/task2c(mids).jpg>
Package pdftex.def Info: photo/task2c(mids).jpg  used on input line 538.
(pdftex.def)             Requested size: 151.14456pt x 151.12747pt.
<photo/task2c(midm).jpg, id=304, 3035.34pt x 3035.34pt>
File: photo/task2c(midm).jpg Graphic file (type jpg)
<use photo/task2c(midm).jpg>
Package pdftex.def Info: photo/task2c(midm).jpg  used on input line 541.
(pdftex.def)             Requested size: 151.14456pt x 151.12747pt.
<photo/task2c(midL).jpg, id=305, 3035.34pt x 3035.34pt>
File: photo/task2c(midL).jpg Graphic file (type jpg)
<use photo/task2c(midL).jpg>
Package pdftex.def Info: photo/task2c(midL).jpg  used on input line 544.
(pdftex.def)             Requested size: 151.14456pt x 151.12747pt.
<photo/task2c(rights).jpg, id=306, 3035.34pt x 3035.34pt>
File: photo/task2c(rights).jpg Graphic file (type jpg)
<use photo/task2c(rights).jpg>
Package pdftex.def Info: photo/task2c(rights).jpg  used on input line 553.
(pdftex.def)             Requested size: 151.14456pt x 151.12747pt.
<photo/task2c(rightm).jpg, id=307, 3035.34pt x 3035.34pt>
File: photo/task2c(rightm).jpg Graphic file (type jpg)
<use photo/task2c(rightm).jpg>
Package pdftex.def Info: photo/task2c(rightm).jpg  used on input line 556.
(pdftex.def)             Requested size: 151.14456pt x 151.12747pt.

Underfull \hbox (badness 1087) in paragraph at lines 519--561
[]\T2A/cmr/m/n/12 Получили фазовые траектории при различных начальных условиях 
для трех
 []


LaTeX Warning: `h' float specifier changed to `ht'.


LaTeX Warning: `h' float specifier changed to `ht'.


LaTeX Warning: `!h' float specifier changed to `!ht'.

<plots/veryharddiagram.pdf, id=308, 505.89pt x 289.08pt>
File: plots/veryharddiagram.pdf Graphic file (type pdf)
<use plots/veryharddiagram.pdf>
Package pdftex.def Info: plots/veryharddiagram.pdf  used on input line 567.
(pdftex.def)             Requested size: 505.88875pt x 289.07928pt.

Overfull \hbox (33.5728pt too wide) in paragraph at lines 567--568
 [][] 
 []


LaTeX Warning: Reference `' on page 14 undefined on input line 571.


Underfull \hbox (badness 10000) in paragraph at lines 563--572
[]\T2A/cmr/m/n/12 Сняли бифуркационную диаграмму, выражающую зависимость амплит
уды
 []


LaTeX Warning: `h' float specifier changed to `ht'.

[14 <./plots/harddiagram.pdf> <./photo/task2b2.jpg> <./photo/task2b1(oscill).jp
g>]
<photo/task3b(lefts).jpg, id=326, 2725.18124pt x 2725.18124pt>
File: photo/task3b(lefts).jpg Graphic file (type jpg)
<use photo/task3b(lefts).jpg>
Package pdftex.def Info: photo/task3b(lefts).jpg  used on input line 576.
(pdftex.def)             Requested size: 151.14456pt x 151.11212pt.
<photo/task3b(leftm).jpg, id=327, 2528.44624pt x 2528.44624pt>
File: photo/task3b(leftm).jpg Graphic file (type jpg)
<use photo/task3b(leftm).jpg>
Package pdftex.def Info: photo/task3b(leftm).jpg  used on input line 579.
(pdftex.def)             Requested size: 151.14456pt x 151.1215pt.
<photo/task3b(leftL).jpg, id=328, 2757.30125pt x 2757.30125pt>
File: photo/task3b(leftL).jpg Graphic file (type jpg)
<use photo/task3b(leftL).jpg>
Package pdftex.def Info: photo/task3b(leftL).jpg  used on input line 582.
(pdftex.def)             Requested size: 151.14456pt x 151.12613pt.


LaTeX Warning: `!h' float specifier changed to `!ht'.

<photo/task3b(mids).jpg, id=329, 3035.34pt x 3035.34pt>
File: photo/task3b(mids).jpg Graphic file (type jpg)
<use photo/task3b(mids).jpg>
Package pdftex.def Info: photo/task3b(mids).jpg  used on input line 592.
(pdftex.def)             Requested size: 151.14456pt x 151.12747pt.
<photo/task3b(midm).jpg, id=330, 3035.34pt x 3035.34pt>
File: photo/task3b(midm).jpg Graphic file (type jpg)
<use photo/task3b(midm).jpg>
Package pdftex.def Info: photo/task3b(midm).jpg  used on input line 595.
(pdftex.def)             Requested size: 151.14456pt x 151.12747pt.
<photo/task3b(midL).jpg, id=331, 3035.34pt x 3035.34pt>
File: photo/task3b(midL).jpg Graphic file (type jpg)
<use photo/task3b(midL).jpg>
Package pdftex.def Info: photo/task3b(midL).jpg  used on input line 598.
(pdftex.def)             Requested size: 151.14456pt x 151.12747pt.

LaTeX Warning: `!h' float specifier changed to `!ht'.

<photo/task3b(rightm).jpg, id=332, 3035.34pt x 3035.34pt>
File: photo/task3b(rightm).jpg Graphic file (type jpg)
<use photo/task3b(rightm).jpg>
Package pdftex.def Info: photo/task3b(rightm).jpg  used on input line 606.
(pdftex.def)             Requested size: 151.14456pt x 151.12747pt.
<photo/task3b(rightL).jpg, id=333, 3035.34pt x 3035.34pt>
File: photo/task3b(rightL).jpg Graphic file (type jpg)
<use photo/task3b(rightL).jpg>
Package pdftex.def Info: photo/task3b(rightL).jpg  used on input line 609.
(pdftex.def)             Requested size: 151.14456pt x 151.12747pt.
<photo/task3b(rightL2).jpg, id=334, 3035.34pt x 3035.34pt>
File: photo/task3b(rightL2).jpg Graphic file (type jpg)
<use photo/task3b(rightL2).jpg>
Package pdftex.def Info: photo/task3b(rightL2).jpg  used on input line 612.
(pdftex.def)             Requested size: 151.14456pt x 151.12747pt.

LaTeX Warning: `!h' float specifier changed to `!ht'.


LaTeX Warning: Command \CYRM invalid in math mode on input line 617.

Missing character: There is no М in font cmr12!

Underfull \hbox (badness 6741) in paragraph at lines 620--621
\T2A/cmr/m/n/12 зависимость амплитуды автоколебаний от параметров системы. Пост
роили
 []


Underfull \hbox (badness 1152) in paragraph at lines 620--621
\T2A/cmr/m/n/12 согласуются с теорией, а также рассмотрели фазовые портреты для
 различных
 []

[15 <./photo/task2c(lefts).jpg> <./photo/task2c(leftm).jpg> <./photo/task2c(lef
tL).jpg> <./photo/task2c(mids).jpg> <./photo/task2c(midm).jpg> <./photo/task2c(
midL).jpg> <./photo/task2c(rights).jpg> <./photo/task2c(rightm).jpg>] [16 <./pl
ots/veryharddiagram.pdf> <./photo/task3b(lefts).jpg> <./photo/task3b(leftm).jpg
> <./photo/task3b(leftL).jpg> <./photo/task3b(mids).jpg> <./photo/task3b(midm).
jpg> <./photo/task3b(midL).jpg>] [17 <./photo/task3b(rightm).jpg> <./photo/task
3b(rightL).jpg> <./photo/task3b(rightL2).jpg>]
Package atveryend Info: Empty hook `BeforeClearDocument' on input line 621.
Package atveryend Info: Empty hook `AfterLastShipout' on input line 621.
 (phase.aux)
Package atveryend Info: Executing hook `AtVeryEndDocument' on input line 621.
Package atveryend Info: Executing hook `AtEndAfterFileList' on input line 621.
Package rerunfilecheck Info: File `phase.out' has not changed.
(rerunfilecheck)             Checksum: 6F3217C69550C5CC016B892BE50C59E5;4410.


LaTeX Warning: There were undefined references.

Package atveryend Info: Empty hook `AtVeryVeryEnd' on input line 621.
 ) 
Here is how much of TeX's memory you used:
 33657 strings out of 492972
 758968 string characters out of 3135886
 923919 words of memory out of 3000000
 36823 multiletter control sequences out of 15000+200000
 14808 words of font info for 40 fonts, out of 3000000 for 9000
 1141 hyphenation exceptions out of 8191
 80i,12n,136p,2246b,664s stack positions out of 5000i,500n,10000p,200000b,50000s
 <C:\Users\User\AppData\Local\MiKTeX\2.9\fonts\pk\ljfour\lh\lh-t2a\dpi600\lat
i1200.pk> <C:\Users\User\AppData\Local\MiKTeX\2.9\fonts\pk\ljfour\lh\lh-t2a\dpi
600\labx1440.pk> <C:\Users\User\AppData\Local\MiKTeX\2.9\fonts\pk\ljfour\lh\lh-
t2a\dpi600\labx1200.pk> <C:\Users\User\AppData\Local\MiKTeX\2.9\fonts\pk\ljfour
\lh\lh-t2a\dpi600\labx1728.pk> <C:\Users\User\AppData\Local\MiKTeX\2.9\fonts\pk
\ljfour\lh\lh-t2a\dpi600\larm1200.pk> <C:\Users\User\AppData\Local\MiKTeX\2.9\f
onts\pk\ljfour\lh\lh-t2a\dpi600\larm1728.pk> <C:\Users\User\AppData\Local\MiKTe
X\2.9\fonts\pk\ljfour\lh\lh-t2a\dpi600\lacc1200.pk><C:/Program Files/MiKTeX 2.9
/fonts/type1/public/amsfonts/cm/cmex10.pfb><C:/Program Files/MiKTeX 2.9/fonts/t
ype1/public/amsfonts/cm/cmmi12.pfb><C:/Program Files/MiKTeX 2.9/fonts/type1/pub
lic/amsfonts/cm/cmmi6.pfb><C:/Program Files/MiKTeX 2.9/fonts/type1/public/amsfo
nts/cm/cmmi8.pfb><C:/Program Files/MiKTeX 2.9/fonts/type1/public/amsfonts/cm/cm
r12.pfb><C:/Program Files/MiKTeX 2.9/fonts/type1/public/amsfonts/cm/cmr6.pfb><C
:/Program Files/MiKTeX 2.9/fonts/type1/public/amsfonts/cm/cmr8.pfb><C:/Program 
Files/MiKTeX 2.9/fonts/type1/public/amsfonts/cm/cmsy10.pfb><C:/Program Files/Mi
KTeX 2.9/fonts/type1/public/amsfonts/cm/cmsy6.pfb><C:/Program Files/MiKTeX 2.9/
fonts/type1/public/amsfonts/cm/cmsy8.pfb>
Output written on phase.pdf (18 pages, 42028970 bytes).
PDF statistics:
 686 PDF objects out of 1000 (max. 8388607)
 87 named destinations out of 1000 (max. 500000)
 422 words of extra memory for PDF output out of 10000 (max. 10000000)

